Started GET "/" for ::1 at 2021-09-15 16:35:05 +0530
Processing by Rails::WelcomeController#index as HTML
  Rendering /home/admin2/.rvm/gems/ruby-2.5.0/gems/railties-5.1.7/lib/rails/templates/rails/welcome/index.html.erb
  Rendered /home/admin2/.rvm/gems/ruby-2.5.0/gems/railties-5.1.7/lib/rails/templates/rails/welcome/index.html.erb (2.4ms)
Completed 200 OK in 131ms (Views: 5.1ms)


Started GET "/" for ::1 at 2021-09-15 17:11:11 +0530
  
TypeError (superclass must be a Class (Module given)):
  
app/controllers/demo_controller.rb:1:in `<top (required)>'
Started GET "/" for ::1 at 2021-09-15 17:11:34 +0530
  
SyntaxError (/home/admin2/ROR projects/I18n_demo/app/controllers/application_controller.rb:10: syntax error, unexpected ')', expecting keyword_end
...E', '').scan(/[a-z]{2}/).first)
...                              ^):
  
app/controllers/application_controller.rb:10: syntax error, unexpected ')', expecting keyword_end
app/controllers/demo_controller.rb:1:in `<top (required)>'
Started GET "/" for ::1 at 2021-09-15 17:12:12 +0530
Processing by DemoController#index as HTML
  Rendering demo/index.html.erb within layouts/application
  Rendered demo/index.html.erb within layouts/application (0.4ms)
Completed 200 OK in 433ms (Views: 274.5ms)


Started GET "/" for ::1 at 2021-09-15 17:13:44 +0530
Processing by DemoController#index as HTML
  Rendering demo/index.html.erb within layouts/application
  Rendered demo/index.html.erb within layouts/application (2.9ms)
Completed 500 Internal Server Error in 6ms


  
ActionView::Template::Error (uninitialized constant ActionView::CompiledTemplates::Welcome):
    1: <h1> <%= t(Welcome) %> </h1>
  
app/views/demo/index.html.erb:1:in `_app_views_demo_index_html_erb___3016087735991559902_70281100081100'
Started GET "/" for ::1 at 2021-09-15 17:15:08 +0530
Processing by DemoController#index as HTML
  Rendering demo/index.html.erb within layouts/application
  Rendered demo/index.html.erb within layouts/application (278.3ms)
Completed 500 Internal Server Error in 283ms


  
ActionView::Template::Error (undefined local variable or method `welcome' for #<#<Class:0x00007fd728095c98>:0x00007fd7280940f0>):
    1: <h1> <%= t(welcome) %> </h1>
  
app/views/demo/index.html.erb:1:in `_app_views_demo_index_html_erb___3016087735991559902_70281033200220'
Started GET "/" for ::1 at 2021-09-15 17:15:28 +0530
Processing by DemoController#index as HTML
  Rendering demo/index.html.erb within layouts/application
  Rendered demo/index.html.erb within layouts/application (10.3ms)
Completed 200 OK in 29ms (Views: 27.5ms)


Started GET "/" for ::1 at 2021-09-15 17:19:50 +0530
Processing by DemoController#index as HTML
  Rendering demo/index.html.erb within layouts/application
  Rendered demo/index.html.erb within layouts/application (6.7ms)
Completed 200 OK in 40ms (Views: 37.8ms)


Started GET "/?lang=de" for ::1 at 2021-09-15 17:19:57 +0530
Processing by DemoController#index as HTML
  Parameters: {"lang"=>"de"}
  Rendering demo/index.html.erb within layouts/application
  Rendered demo/index.html.erb within layouts/application (0.8ms)
Completed 200 OK in 30ms (Views: 28.5ms)


